[2021-04-03 14:24:52,070] INFO Starting the log cleaner (kafka.log.LogCleaner)
[2021-04-03 14:24:52,220] INFO [kafka-log-cleaner-thread-0]: Starting (kafka.log.LogCleaner)
[2021-04-03 18:52:11,674] INFO Starting the log cleaner (kafka.log.LogCleaner)
[2021-04-03 18:52:11,840] INFO [kafka-log-cleaner-thread-0]: Starting (kafka.log.LogCleaner)
[2021-04-04 22:07:48,752] INFO Starting the log cleaner (kafka.log.LogCleaner)
[2021-04-04 22:07:48,837] INFO [kafka-log-cleaner-thread-0]: Starting (kafka.log.LogCleaner)
[2021-04-04 22:55:34,219] INFO Shutting down the log cleaner. (kafka.log.LogCleaner)
[2021-04-04 22:55:34,219] INFO [kafka-log-cleaner-thread-0]: Shutting down (kafka.log.LogCleaner)
[2021-04-04 22:55:34,219] INFO [kafka-log-cleaner-thread-0]: Stopped (kafka.log.LogCleaner)
[2021-04-04 22:55:34,219] INFO [kafka-log-cleaner-thread-0]: Shutdown completed (kafka.log.LogCleaner)
[2021-04-04 22:56:46,567] INFO Starting the log cleaner (kafka.log.LogCleaner)
[2021-04-04 22:56:46,657] INFO [kafka-log-cleaner-thread-0]: Starting (kafka.log.LogCleaner)
[2021-04-04 23:52:30,511] INFO Starting the log cleaner (kafka.log.LogCleaner)
[2021-04-04 23:52:30,622] INFO [kafka-log-cleaner-thread-0]: Starting (kafka.log.LogCleaner)
[2021-04-04 23:53:46,463] INFO Starting the log cleaner (kafka.log.LogCleaner)
[2021-04-04 23:53:46,653] INFO [kafka-log-cleaner-thread-0]: Starting (kafka.log.LogCleaner)
[2021-04-04 23:55:16,180] INFO Starting the log cleaner (kafka.log.LogCleaner)
[2021-04-04 23:55:16,262] INFO [kafka-log-cleaner-thread-0]: Starting (kafka.log.LogCleaner)
[2021-04-04 23:57:22,445] INFO Starting the log cleaner (kafka.log.LogCleaner)
[2021-04-04 23:57:22,541] INFO [kafka-log-cleaner-thread-0]: Starting (kafka.log.LogCleaner)
[2021-04-05 00:51:15,800] INFO Starting the log cleaner (kafka.log.LogCleaner)
[2021-04-05 00:51:16,097] INFO [kafka-log-cleaner-thread-0]: Starting (kafka.log.LogCleaner)
[2021-04-07 19:38:16,539] INFO Starting the log cleaner (kafka.log.LogCleaner)
[2021-04-07 19:38:16,820] INFO [kafka-log-cleaner-thread-0]: Starting (kafka.log.LogCleaner)
[2021-04-08 16:51:17,809] INFO Starting the log cleaner (kafka.log.LogCleaner)
[2021-04-08 16:51:18,158] INFO [kafka-log-cleaner-thread-0]: Starting (kafka.log.LogCleaner)
[2021-04-08 16:51:20,734] INFO Shutting down the log cleaner. (kafka.log.LogCleaner)
[2021-04-08 16:51:20,735] INFO [kafka-log-cleaner-thread-0]: Shutting down (kafka.log.LogCleaner)
[2021-04-08 16:51:20,735] INFO [kafka-log-cleaner-thread-0]: Stopped (kafka.log.LogCleaner)
[2021-04-08 16:51:20,735] INFO [kafka-log-cleaner-thread-0]: Shutdown completed (kafka.log.LogCleaner)
[2021-04-08 16:51:41,888] INFO Starting the log cleaner (kafka.log.LogCleaner)
[2021-04-08 16:51:41,987] INFO [kafka-log-cleaner-thread-0]: Starting (kafka.log.LogCleaner)
[2021-04-08 17:44:43,209] INFO Shutting down the log cleaner. (kafka.log.LogCleaner)
[2021-04-08 17:44:43,212] INFO [kafka-log-cleaner-thread-0]: Shutting down (kafka.log.LogCleaner)
[2021-04-08 17:44:43,213] INFO [kafka-log-cleaner-thread-0]: Stopped (kafka.log.LogCleaner)
[2021-04-08 17:44:43,213] INFO [kafka-log-cleaner-thread-0]: Shutdown completed (kafka.log.LogCleaner)
[2021-04-09 14:59:04,945] INFO Starting the log cleaner (kafka.log.LogCleaner)
[2021-04-09 14:59:05,163] INFO [kafka-log-cleaner-thread-0]: Starting (kafka.log.LogCleaner)
[2021-04-09 19:19:41,668] INFO Shutting down the log cleaner. (kafka.log.LogCleaner)
[2021-04-09 19:19:41,731] INFO [kafka-log-cleaner-thread-0]: Shutting down (kafka.log.LogCleaner)
[2021-04-09 19:19:41,733] INFO [kafka-log-cleaner-thread-0]: Stopped (kafka.log.LogCleaner)
[2021-04-09 19:19:41,733] INFO [kafka-log-cleaner-thread-0]: Shutdown completed (kafka.log.LogCleaner)
[2021-04-15 21:45:27,217] INFO Starting the log cleaner (kafka.log.LogCleaner)
[2021-04-15 21:45:27,323] INFO [kafka-log-cleaner-thread-0]: Starting (kafka.log.LogCleaner)
[2021-04-15 21:48:49,664] INFO Starting the log cleaner (kafka.log.LogCleaner)
[2021-04-15 21:48:49,806] INFO [kafka-log-cleaner-thread-0]: Starting (kafka.log.LogCleaner)
[2021-04-15 21:50:26,144] INFO Starting the log cleaner (kafka.log.LogCleaner)
[2021-04-15 21:50:26,249] INFO [kafka-log-cleaner-thread-0]: Starting (kafka.log.LogCleaner)
[2021-04-16 15:19:24,665] INFO Starting the log cleaner (kafka.log.LogCleaner)
[2021-04-16 15:19:24,762] INFO [kafka-log-cleaner-thread-0]: Starting (kafka.log.LogCleaner)
[2021-04-16 15:19:26,440] INFO Shutting down the log cleaner. (kafka.log.LogCleaner)
[2021-04-16 15:19:26,440] INFO [kafka-log-cleaner-thread-0]: Shutting down (kafka.log.LogCleaner)
[2021-04-16 15:19:26,441] INFO [kafka-log-cleaner-thread-0]: Stopped (kafka.log.LogCleaner)
[2021-04-16 15:19:26,442] INFO [kafka-log-cleaner-thread-0]: Shutdown completed (kafka.log.LogCleaner)
[2021-04-16 15:19:39,084] INFO Starting the log cleaner (kafka.log.LogCleaner)
[2021-04-16 15:19:39,164] INFO [kafka-log-cleaner-thread-0]: Starting (kafka.log.LogCleaner)
[2021-04-16 16:08:55,175] INFO Starting the log cleaner (kafka.log.LogCleaner)
[2021-04-16 16:08:55,294] INFO [kafka-log-cleaner-thread-0]: Starting (kafka.log.LogCleaner)
[2021-04-16 16:08:56,977] INFO Shutting down the log cleaner. (kafka.log.LogCleaner)
[2021-04-16 16:08:56,978] INFO [kafka-log-cleaner-thread-0]: Shutting down (kafka.log.LogCleaner)
[2021-04-16 16:08:56,978] INFO [kafka-log-cleaner-thread-0]: Stopped (kafka.log.LogCleaner)
[2021-04-16 16:08:56,979] INFO [kafka-log-cleaner-thread-0]: Shutdown completed (kafka.log.LogCleaner)
[2021-04-16 16:10:20,747] INFO Starting the log cleaner (kafka.log.LogCleaner)
[2021-04-16 16:10:20,845] INFO [kafka-log-cleaner-thread-0]: Starting (kafka.log.LogCleaner)
[2021-04-16 16:13:11,429] INFO Shutting down the log cleaner. (kafka.log.LogCleaner)
[2021-04-16 16:13:11,430] INFO [kafka-log-cleaner-thread-0]: Shutting down (kafka.log.LogCleaner)
[2021-04-16 16:13:11,430] INFO [kafka-log-cleaner-thread-0]: Stopped (kafka.log.LogCleaner)
[2021-04-16 16:13:11,430] INFO [kafka-log-cleaner-thread-0]: Shutdown completed (kafka.log.LogCleaner)
[2021-04-16 16:14:33,346] INFO Starting the log cleaner (kafka.log.LogCleaner)
[2021-04-16 16:14:33,415] INFO [kafka-log-cleaner-thread-0]: Starting (kafka.log.LogCleaner)
[2021-04-16 16:21:01,135] INFO Shutting down the log cleaner. (kafka.log.LogCleaner)
[2021-04-16 16:21:01,135] INFO [kafka-log-cleaner-thread-0]: Shutting down (kafka.log.LogCleaner)
[2021-04-16 16:21:01,136] INFO [kafka-log-cleaner-thread-0]: Stopped (kafka.log.LogCleaner)
[2021-04-16 16:21:01,136] INFO [kafka-log-cleaner-thread-0]: Shutdown completed (kafka.log.LogCleaner)
[2021-04-16 16:24:36,722] INFO Starting the log cleaner (kafka.log.LogCleaner)
[2021-04-16 16:24:36,795] INFO [kafka-log-cleaner-thread-0]: Starting (kafka.log.LogCleaner)
[2021-04-16 16:51:19,784] INFO Shutting down the log cleaner. (kafka.log.LogCleaner)
[2021-04-16 16:51:19,785] INFO [kafka-log-cleaner-thread-0]: Shutting down (kafka.log.LogCleaner)
[2021-04-16 16:51:19,786] INFO [kafka-log-cleaner-thread-0]: Stopped (kafka.log.LogCleaner)
[2021-04-16 16:51:19,787] INFO [kafka-log-cleaner-thread-0]: Shutdown completed (kafka.log.LogCleaner)
[2021-04-16 16:52:41,820] INFO Starting the log cleaner (kafka.log.LogCleaner)
[2021-04-16 16:52:41,899] INFO [kafka-log-cleaner-thread-0]: Starting (kafka.log.LogCleaner)
[2021-04-16 18:23:35,215] INFO Shutting down the log cleaner. (kafka.log.LogCleaner)
[2021-04-16 18:23:35,223] INFO [kafka-log-cleaner-thread-0]: Shutting down (kafka.log.LogCleaner)
[2021-04-16 18:23:35,243] INFO [kafka-log-cleaner-thread-0]: Stopped (kafka.log.LogCleaner)
[2021-04-16 18:23:35,243] INFO [kafka-log-cleaner-thread-0]: Shutdown completed (kafka.log.LogCleaner)
[2021-04-17 12:06:59,374] INFO Starting the log cleaner (kafka.log.LogCleaner)
[2021-04-17 12:06:59,484] INFO [kafka-log-cleaner-thread-0]: Starting (kafka.log.LogCleaner)
[2021-04-17 12:41:23,688] INFO Shutting down the log cleaner. (kafka.log.LogCleaner)
[2021-04-17 12:41:23,690] INFO [kafka-log-cleaner-thread-0]: Shutting down (kafka.log.LogCleaner)
[2021-04-17 12:41:23,691] INFO [kafka-log-cleaner-thread-0]: Stopped (kafka.log.LogCleaner)
[2021-04-17 12:41:23,691] INFO [kafka-log-cleaner-thread-0]: Shutdown completed (kafka.log.LogCleaner)
[2021-04-17 12:41:58,583] INFO Starting the log cleaner (kafka.log.LogCleaner)
[2021-04-17 12:41:58,756] INFO [kafka-log-cleaner-thread-0]: Starting (kafka.log.LogCleaner)
[2021-04-17 23:44:01,975] INFO Shutting down the log cleaner. (kafka.log.LogCleaner)
[2021-04-17 23:44:01,995] INFO [kafka-log-cleaner-thread-0]: Shutting down (kafka.log.LogCleaner)
[2021-04-17 23:44:01,996] INFO [kafka-log-cleaner-thread-0]: Stopped (kafka.log.LogCleaner)
[2021-04-17 23:44:01,996] INFO [kafka-log-cleaner-thread-0]: Shutdown completed (kafka.log.LogCleaner)
[2021-04-18 00:01:13,212] INFO Starting the log cleaner (kafka.log.LogCleaner)
[2021-04-18 00:01:13,331] INFO [kafka-log-cleaner-thread-0]: Starting (kafka.log.LogCleaner)
[2021-04-18 00:14:08,813] INFO Shutting down the log cleaner. (kafka.log.LogCleaner)
[2021-04-18 00:14:08,814] INFO [kafka-log-cleaner-thread-0]: Shutting down (kafka.log.LogCleaner)
[2021-04-18 00:14:08,816] INFO [kafka-log-cleaner-thread-0]: Stopped (kafka.log.LogCleaner)
[2021-04-18 00:14:08,816] INFO [kafka-log-cleaner-thread-0]: Shutdown completed (kafka.log.LogCleaner)
[2021-04-18 02:23:48,942] INFO Starting the log cleaner (kafka.log.LogCleaner)
[2021-04-18 02:23:49,070] INFO [kafka-log-cleaner-thread-0]: Starting (kafka.log.LogCleaner)
[2021-04-18 03:40:30,746] INFO Shutting down the log cleaner. (kafka.log.LogCleaner)
[2021-04-18 03:40:30,764] INFO [kafka-log-cleaner-thread-0]: Shutting down (kafka.log.LogCleaner)
[2021-04-18 03:40:30,765] INFO [kafka-log-cleaner-thread-0]: Stopped (kafka.log.LogCleaner)
[2021-04-18 03:40:30,765] INFO [kafka-log-cleaner-thread-0]: Shutdown completed (kafka.log.LogCleaner)
[2021-04-18 21:37:40,794] INFO Starting the log cleaner (kafka.log.LogCleaner)
[2021-04-18 21:37:40,874] INFO [kafka-log-cleaner-thread-0]: Starting (kafka.log.LogCleaner)
[2021-04-18 21:44:00,863] INFO Shutting down the log cleaner. (kafka.log.LogCleaner)
[2021-04-18 21:44:00,864] INFO [kafka-log-cleaner-thread-0]: Shutting down (kafka.log.LogCleaner)
[2021-04-18 21:44:00,864] INFO [kafka-log-cleaner-thread-0]: Stopped (kafka.log.LogCleaner)
[2021-04-18 21:44:00,865] INFO [kafka-log-cleaner-thread-0]: Shutdown completed (kafka.log.LogCleaner)
[2021-04-18 21:44:44,783] INFO Starting the log cleaner (kafka.log.LogCleaner)
[2021-04-18 21:44:44,866] INFO [kafka-log-cleaner-thread-0]: Starting (kafka.log.LogCleaner)
[2021-04-18 22:26:34,096] INFO Shutting down the log cleaner. (kafka.log.LogCleaner)
[2021-04-18 22:26:34,101] INFO [kafka-log-cleaner-thread-0]: Shutting down (kafka.log.LogCleaner)
[2021-04-18 22:26:34,102] INFO [kafka-log-cleaner-thread-0]: Stopped (kafka.log.LogCleaner)
[2021-04-18 22:26:34,102] INFO [kafka-log-cleaner-thread-0]: Shutdown completed (kafka.log.LogCleaner)
[2021-04-18 23:30:34,781] INFO Starting the log cleaner (kafka.log.LogCleaner)
[2021-04-18 23:30:34,874] INFO [kafka-log-cleaner-thread-0]: Starting (kafka.log.LogCleaner)
[2021-04-19 02:33:16,163] INFO Shutting down the log cleaner. (kafka.log.LogCleaner)
[2021-04-19 02:33:16,197] INFO [kafka-log-cleaner-thread-0]: Shutting down (kafka.log.LogCleaner)
[2021-04-19 02:33:16,212] INFO [kafka-log-cleaner-thread-0]: Stopped (kafka.log.LogCleaner)
[2021-04-19 02:33:16,212] INFO [kafka-log-cleaner-thread-0]: Shutdown completed (kafka.log.LogCleaner)
[2021-04-19 12:56:06,792] INFO Starting the log cleaner (kafka.log.LogCleaner)
[2021-04-19 12:56:06,976] INFO [kafka-log-cleaner-thread-0]: Starting (kafka.log.LogCleaner)
[2021-04-19 13:34:37,959] INFO Shutting down the log cleaner. (kafka.log.LogCleaner)
[2021-04-19 13:34:37,967] INFO [kafka-log-cleaner-thread-0]: Shutting down (kafka.log.LogCleaner)
[2021-04-19 13:34:37,969] INFO [kafka-log-cleaner-thread-0]: Stopped (kafka.log.LogCleaner)
[2021-04-19 13:34:37,969] INFO [kafka-log-cleaner-thread-0]: Shutdown completed (kafka.log.LogCleaner)
[2021-04-19 15:05:07,963] INFO Starting the log cleaner (kafka.log.LogCleaner)
[2021-04-19 15:05:08,067] INFO [kafka-log-cleaner-thread-0]: Starting (kafka.log.LogCleaner)
[2021-04-19 15:09:58,958] INFO Shutting down the log cleaner. (kafka.log.LogCleaner)
[2021-04-19 15:09:58,959] INFO [kafka-log-cleaner-thread-0]: Shutting down (kafka.log.LogCleaner)
[2021-04-19 15:09:58,960] INFO [kafka-log-cleaner-thread-0]: Stopped (kafka.log.LogCleaner)
[2021-04-19 15:09:58,961] INFO [kafka-log-cleaner-thread-0]: Shutdown completed (kafka.log.LogCleaner)
[2021-04-19 15:10:39,950] INFO Starting the log cleaner (kafka.log.LogCleaner)
[2021-04-19 15:10:40,200] INFO [kafka-log-cleaner-thread-0]: Starting (kafka.log.LogCleaner)
[2021-04-19 17:55:20,612] INFO Shutting down the log cleaner. (kafka.log.LogCleaner)
[2021-04-19 17:55:20,628] INFO [kafka-log-cleaner-thread-0]: Shutting down (kafka.log.LogCleaner)
[2021-04-19 17:55:20,629] INFO [kafka-log-cleaner-thread-0]: Stopped (kafka.log.LogCleaner)
[2021-04-19 17:55:20,629] INFO [kafka-log-cleaner-thread-0]: Shutdown completed (kafka.log.LogCleaner)
[2021-04-19 20:59:50,494] INFO Starting the log cleaner (kafka.log.LogCleaner)
[2021-04-19 20:59:50,572] INFO [kafka-log-cleaner-thread-0]: Starting (kafka.log.LogCleaner)
[2021-04-19 21:00:03,983] INFO Shutting down the log cleaner. (kafka.log.LogCleaner)
[2021-04-19 21:00:03,988] INFO [kafka-log-cleaner-thread-0]: Shutting down (kafka.log.LogCleaner)
[2021-04-19 21:00:03,990] INFO [kafka-log-cleaner-thread-0]: Stopped (kafka.log.LogCleaner)
[2021-04-19 21:00:03,990] INFO [kafka-log-cleaner-thread-0]: Shutdown completed (kafka.log.LogCleaner)
[2021-04-19 22:55:01,673] INFO Starting the log cleaner (kafka.log.LogCleaner)
[2021-04-19 22:55:01,879] INFO [kafka-log-cleaner-thread-0]: Starting (kafka.log.LogCleaner)
[2021-04-20 01:27:18,617] INFO Shutting down the log cleaner. (kafka.log.LogCleaner)
[2021-04-20 01:27:18,670] INFO [kafka-log-cleaner-thread-0]: Shutting down (kafka.log.LogCleaner)
[2021-04-20 01:27:18,702] INFO [kafka-log-cleaner-thread-0]: Stopped (kafka.log.LogCleaner)
[2021-04-20 01:27:18,702] INFO [kafka-log-cleaner-thread-0]: Shutdown completed (kafka.log.LogCleaner)
[2021-04-20 01:29:57,293] INFO Starting the log cleaner (kafka.log.LogCleaner)
[2021-04-20 01:29:57,373] INFO [kafka-log-cleaner-thread-0]: Starting (kafka.log.LogCleaner)
[2021-04-20 01:31:47,347] INFO Shutting down the log cleaner. (kafka.log.LogCleaner)
[2021-04-20 01:31:47,349] INFO [kafka-log-cleaner-thread-0]: Shutting down (kafka.log.LogCleaner)
[2021-04-20 01:31:47,350] INFO [kafka-log-cleaner-thread-0]: Stopped (kafka.log.LogCleaner)
[2021-04-20 01:31:47,350] INFO [kafka-log-cleaner-thread-0]: Shutdown completed (kafka.log.LogCleaner)
[2021-04-20 01:32:14,458] INFO Starting the log cleaner (kafka.log.LogCleaner)
[2021-04-20 01:32:14,546] INFO [kafka-log-cleaner-thread-0]: Starting (kafka.log.LogCleaner)
[2021-04-20 02:38:35,409] INFO Shutting down the log cleaner. (kafka.log.LogCleaner)
[2021-04-20 02:38:35,415] INFO [kafka-log-cleaner-thread-0]: Shutting down (kafka.log.LogCleaner)
[2021-04-20 02:38:35,418] INFO [kafka-log-cleaner-thread-0]: Stopped (kafka.log.LogCleaner)
[2021-04-20 02:38:35,418] INFO [kafka-log-cleaner-thread-0]: Shutdown completed (kafka.log.LogCleaner)
[2021-04-20 11:56:59,299] INFO Starting the log cleaner (kafka.log.LogCleaner)
[2021-04-20 11:56:59,400] INFO [kafka-log-cleaner-thread-0]: Starting (kafka.log.LogCleaner)
[2021-04-20 15:35:05,659] INFO Shutting down the log cleaner. (kafka.log.LogCleaner)
[2021-04-20 15:35:05,713] INFO [kafka-log-cleaner-thread-0]: Shutting down (kafka.log.LogCleaner)
[2021-04-20 15:35:05,762] INFO [kafka-log-cleaner-thread-0]: Stopped (kafka.log.LogCleaner)
[2021-04-20 15:35:05,762] INFO [kafka-log-cleaner-thread-0]: Shutdown completed (kafka.log.LogCleaner)
[2021-04-20 16:08:10,063] INFO Starting the log cleaner (kafka.log.LogCleaner)
[2021-04-20 16:08:10,150] INFO [kafka-log-cleaner-thread-0]: Starting (kafka.log.LogCleaner)
[2021-04-20 21:04:50,072] INFO Shutting down the log cleaner. (kafka.log.LogCleaner)
[2021-04-20 21:04:50,147] INFO [kafka-log-cleaner-thread-0]: Shutting down (kafka.log.LogCleaner)
[2021-04-20 21:04:50,198] INFO [kafka-log-cleaner-thread-0]: Stopped (kafka.log.LogCleaner)
[2021-04-20 21:04:50,198] INFO [kafka-log-cleaner-thread-0]: Shutdown completed (kafka.log.LogCleaner)
[2021-04-21 12:27:34,764] INFO Starting the log cleaner (kafka.log.LogCleaner)
[2021-04-21 12:27:34,845] INFO [kafka-log-cleaner-thread-0]: Starting (kafka.log.LogCleaner)
[2021-04-21 12:27:36,629] INFO Shutting down the log cleaner. (kafka.log.LogCleaner)
[2021-04-21 12:27:36,629] INFO [kafka-log-cleaner-thread-0]: Shutting down (kafka.log.LogCleaner)
[2021-04-21 12:27:36,630] INFO [kafka-log-cleaner-thread-0]: Stopped (kafka.log.LogCleaner)
[2021-04-21 12:27:36,630] INFO [kafka-log-cleaner-thread-0]: Shutdown completed (kafka.log.LogCleaner)
[2021-04-21 12:27:58,776] INFO Starting the log cleaner (kafka.log.LogCleaner)
[2021-04-21 12:27:58,889] INFO [kafka-log-cleaner-thread-0]: Starting (kafka.log.LogCleaner)
[2021-04-21 12:45:14,326] INFO Shutting down the log cleaner. (kafka.log.LogCleaner)
[2021-04-21 12:45:14,327] INFO [kafka-log-cleaner-thread-0]: Shutting down (kafka.log.LogCleaner)
[2021-04-21 12:45:14,328] INFO [kafka-log-cleaner-thread-0]: Stopped (kafka.log.LogCleaner)
[2021-04-21 12:45:14,328] INFO [kafka-log-cleaner-thread-0]: Shutdown completed (kafka.log.LogCleaner)
[2021-04-21 13:25:08,615] INFO Starting the log cleaner (kafka.log.LogCleaner)
[2021-04-21 13:25:08,754] INFO [kafka-log-cleaner-thread-0]: Starting (kafka.log.LogCleaner)
[2021-04-21 13:54:45,671] INFO Shutting down the log cleaner. (kafka.log.LogCleaner)
[2021-04-21 13:54:45,671] INFO [kafka-log-cleaner-thread-0]: Shutting down (kafka.log.LogCleaner)
[2021-04-21 13:54:45,672] INFO [kafka-log-cleaner-thread-0]: Stopped (kafka.log.LogCleaner)
[2021-04-21 13:54:45,672] INFO [kafka-log-cleaner-thread-0]: Shutdown completed (kafka.log.LogCleaner)
[2021-04-21 16:28:15,184] INFO Starting the log cleaner (kafka.log.LogCleaner)
[2021-04-21 16:28:15,420] INFO [kafka-log-cleaner-thread-0]: Starting (kafka.log.LogCleaner)
[2021-04-21 19:11:06,985] INFO Shutting down the log cleaner. (kafka.log.LogCleaner)
[2021-04-21 19:11:07,005] INFO [kafka-log-cleaner-thread-0]: Shutting down (kafka.log.LogCleaner)
[2021-04-21 19:11:07,007] INFO [kafka-log-cleaner-thread-0]: Stopped (kafka.log.LogCleaner)
[2021-04-21 19:11:07,007] INFO [kafka-log-cleaner-thread-0]: Shutdown completed (kafka.log.LogCleaner)
[2021-04-21 21:24:03,525] INFO Starting the log cleaner (kafka.log.LogCleaner)
[2021-04-21 21:24:03,751] INFO [kafka-log-cleaner-thread-0]: Starting (kafka.log.LogCleaner)
[2021-04-21 21:49:04,837] INFO Shutting down the log cleaner. (kafka.log.LogCleaner)
[2021-04-21 21:49:04,840] INFO [kafka-log-cleaner-thread-0]: Shutting down (kafka.log.LogCleaner)
[2021-04-21 21:49:04,842] INFO [kafka-log-cleaner-thread-0]: Stopped (kafka.log.LogCleaner)
[2021-04-21 21:49:04,842] INFO [kafka-log-cleaner-thread-0]: Shutdown completed (kafka.log.LogCleaner)
[2021-04-21 21:49:31,709] INFO Starting the log cleaner (kafka.log.LogCleaner)
[2021-04-21 21:49:31,895] INFO [kafka-log-cleaner-thread-0]: Starting (kafka.log.LogCleaner)
[2021-04-21 21:57:40,822] INFO Shutting down the log cleaner. (kafka.log.LogCleaner)
[2021-04-21 21:57:40,823] INFO [kafka-log-cleaner-thread-0]: Shutting down (kafka.log.LogCleaner)
[2021-04-21 21:57:40,823] INFO [kafka-log-cleaner-thread-0]: Stopped (kafka.log.LogCleaner)
[2021-04-21 21:57:40,824] INFO [kafka-log-cleaner-thread-0]: Shutdown completed (kafka.log.LogCleaner)
[2021-04-22 12:58:29,277] INFO Starting the log cleaner (kafka.log.LogCleaner)
[2021-04-22 12:58:29,378] INFO [kafka-log-cleaner-thread-0]: Starting (kafka.log.LogCleaner)
[2021-04-22 21:31:43,750] INFO Shutting down the log cleaner. (kafka.log.LogCleaner)
[2021-04-22 21:31:43,812] INFO [kafka-log-cleaner-thread-0]: Shutting down (kafka.log.LogCleaner)
[2021-04-22 21:31:43,821] INFO [kafka-log-cleaner-thread-0]: Stopped (kafka.log.LogCleaner)
[2021-04-22 21:31:43,821] INFO [kafka-log-cleaner-thread-0]: Shutdown completed (kafka.log.LogCleaner)
[2021-04-23 22:05:28,574] INFO Starting the log cleaner (kafka.log.LogCleaner)
[2021-04-23 22:05:28,686] INFO [kafka-log-cleaner-thread-0]: Starting (kafka.log.LogCleaner)
[2021-04-24 00:27:22,824] INFO Shutting down the log cleaner. (kafka.log.LogCleaner)
[2021-04-24 00:27:22,836] INFO [kafka-log-cleaner-thread-0]: Shutting down (kafka.log.LogCleaner)
[2021-04-24 00:27:22,853] INFO [kafka-log-cleaner-thread-0]: Stopped (kafka.log.LogCleaner)
[2021-04-24 00:27:22,853] INFO [kafka-log-cleaner-thread-0]: Shutdown completed (kafka.log.LogCleaner)
[2021-04-24 06:38:00,946] INFO Starting the log cleaner (kafka.log.LogCleaner)
[2021-04-24 06:38:01,107] INFO [kafka-log-cleaner-thread-0]: Starting (kafka.log.LogCleaner)
[2021-04-24 07:11:48,882] INFO Shutting down the log cleaner. (kafka.log.LogCleaner)
[2021-04-24 07:11:48,889] INFO [kafka-log-cleaner-thread-0]: Shutting down (kafka.log.LogCleaner)
[2021-04-24 07:11:48,890] INFO [kafka-log-cleaner-thread-0]: Stopped (kafka.log.LogCleaner)
[2021-04-24 07:11:48,890] INFO [kafka-log-cleaner-thread-0]: Shutdown completed (kafka.log.LogCleaner)
[2021-04-24 17:51:04,876] INFO Starting the log cleaner (kafka.log.LogCleaner)
[2021-04-24 17:51:05,001] INFO [kafka-log-cleaner-thread-0]: Starting (kafka.log.LogCleaner)
[2021-04-24 17:52:33,722] INFO Shutting down the log cleaner. (kafka.log.LogCleaner)
[2021-04-24 17:52:33,723] INFO [kafka-log-cleaner-thread-0]: Shutting down (kafka.log.LogCleaner)
[2021-04-24 17:52:33,725] INFO [kafka-log-cleaner-thread-0]: Stopped (kafka.log.LogCleaner)
[2021-04-24 17:52:33,725] INFO [kafka-log-cleaner-thread-0]: Shutdown completed (kafka.log.LogCleaner)
[2021-04-24 17:53:00,885] INFO Starting the log cleaner (kafka.log.LogCleaner)
[2021-04-24 17:53:00,962] INFO [kafka-log-cleaner-thread-0]: Starting (kafka.log.LogCleaner)
[2021-04-24 21:05:31,896] INFO Shutting down the log cleaner. (kafka.log.LogCleaner)
[2021-04-24 21:05:31,937] INFO [kafka-log-cleaner-thread-0]: Shutting down (kafka.log.LogCleaner)
[2021-04-24 21:05:31,978] INFO [kafka-log-cleaner-thread-0]: Stopped (kafka.log.LogCleaner)
[2021-04-24 21:05:31,978] INFO [kafka-log-cleaner-thread-0]: Shutdown completed (kafka.log.LogCleaner)
[2021-04-25 16:02:04,721] INFO Starting the log cleaner (kafka.log.LogCleaner)
[2021-04-25 16:02:04,957] INFO [kafka-log-cleaner-thread-0]: Starting (kafka.log.LogCleaner)
[2021-04-25 16:05:19,414] INFO Starting the log cleaner (kafka.log.LogCleaner)
[2021-04-25 16:05:19,528] INFO [kafka-log-cleaner-thread-0]: Starting (kafka.log.LogCleaner)
[2021-04-25 18:24:22,099] INFO Shutting down the log cleaner. (kafka.log.LogCleaner)
[2021-04-25 18:24:22,103] INFO [kafka-log-cleaner-thread-0]: Shutting down (kafka.log.LogCleaner)
[2021-04-25 18:24:22,103] INFO [kafka-log-cleaner-thread-0]: Stopped (kafka.log.LogCleaner)
[2021-04-25 18:24:22,103] INFO [kafka-log-cleaner-thread-0]: Shutdown completed (kafka.log.LogCleaner)
[2021-04-25 18:25:36,274] INFO Starting the log cleaner (kafka.log.LogCleaner)
[2021-04-25 18:25:36,354] INFO [kafka-log-cleaner-thread-0]: Starting (kafka.log.LogCleaner)
[2021-04-25 20:26:38,536] INFO Shutting down the log cleaner. (kafka.log.LogCleaner)
[2021-04-25 20:26:38,569] INFO [kafka-log-cleaner-thread-0]: Shutting down (kafka.log.LogCleaner)
[2021-04-25 20:26:38,589] INFO [kafka-log-cleaner-thread-0]: Stopped (kafka.log.LogCleaner)
[2021-04-25 20:26:38,589] INFO [kafka-log-cleaner-thread-0]: Shutdown completed (kafka.log.LogCleaner)
[2021-04-25 20:27:42,387] INFO Starting the log cleaner (kafka.log.LogCleaner)
[2021-04-25 20:27:42,555] INFO [kafka-log-cleaner-thread-0]: Starting (kafka.log.LogCleaner)
[2021-04-25 21:07:06,711] INFO Shutting down the log cleaner. (kafka.log.LogCleaner)
[2021-04-25 21:07:06,717] INFO [kafka-log-cleaner-thread-0]: Shutting down (kafka.log.LogCleaner)
[2021-04-25 21:07:06,719] INFO [kafka-log-cleaner-thread-0]: Stopped (kafka.log.LogCleaner)
[2021-04-25 21:07:06,719] INFO [kafka-log-cleaner-thread-0]: Shutdown completed (kafka.log.LogCleaner)
